# JRE version: OpenJDK Runtime Environment (21.0.6) (build 21.0.6+-13391695-b895.109)
# Java VM: OpenJDK 64-Bit Server VM (21.0.6+-13391695-b895.109, mixed mode, tiered, compressed oops, compressed class ptrs, g1 gc, windows-amd64)
GC Precious Log:
 CardTable entry size: 512
 Card Set container configuration: InlinePtr #cards 5 size 8 Array Of Cards #cards 12 size 40 Howl #buckets 4 coarsen threshold 1843 Howl Bitmap #cards 512 size 80 coarsen threshold 460 Card regions per heap region 1 cards per card region 2048
 CPUs: 16 total, 16 available
 Memory: 16110M
 Large Page Support: Disabled
 NUMA Support: Disabled
 Compressed Oops: Enabled (32-bit)
 Heap Region Size: 1M
 Heap Min Capacity: 8M
 Heap Initial Capacity: 252M
 Heap Max Capacity: 2G
 Pre-touch: Disabled
 Parallel Workers: 13
 Concurrent Workers: 3
 Concurrent Refinement Workers: 13
 Periodic GC: Disabled
Heap:
 garbage-first heap   total 194560K, used 127693K [0x0000000080000000, 0x0000000100000000)
  region size 1024K, 4 young (4096K), 4 survivors (4096K)
 Metaspace       used 121352K, committed 123648K, reserved 1179648K
  class space    used 16179K, committed 17344K, reserved 1048576K
GC Heap History (20 events):
Event: 6.389 GC heap after
{Heap after GC invocations=24 (full 0):
 garbage-first heap   total 186368K, used 79100K [0x0000000080000000, 0x0000000100000000)
  region size 1024K, 4 young (4096K), 4 survivors (4096K)
 Metaspace       used 82826K, committed 84736K, reserved 1179648K
  class space    used 10981K, committed 11904K, reserved 1048576K
}
Event: 6.481 GC heap before
{Heap before GC invocations=24 (full 0):
 garbage-first heap   total 186368K, used 87292K [0x0000000080000000, 0x0000000100000000)
  region size 1024K, 13 young (13312K), 4 survivors (4096K)
 Metaspace       used 84364K, committed 86336K, reserved 1179648K
  class space    used 11161K, committed 12096K, reserved 1048576K
}
Event: 6.484 GC heap after
{Heap after GC invocations=25 (full 0):
 garbage-first heap   total 186368K, used 80621K [0x0000000080000000, 0x0000000100000000)
  region size 1024K, 5 young (5120K), 5 survivors (5120K)
 Metaspace       used 84364K, committed 86336K, reserved 1179648K
  class space    used 11161K, committed 12096K, reserved 1048576K
}
Event: 7.089 GC heap before
{Heap before GC invocations=26 (full 0):
 garbage-first heap   total 186368K, used 174829K [0x0000000080000000, 0x0000000100000000)
  region size 1024K, 92 young (94208K), 5 survivors (5120K)
 Metaspace       used 91394K, committed 93440K, reserved 1179648K
  class space    used 12060K, committed 13056K, reserved 1048576K
}
Event: 7.093 GC heap after
{Heap after GC invocations=27 (full 0):
 garbage-first heap   total 186368K, used 87680K [0x0000000080000000, 0x0000000100000000)
  region size 1024K, 11 young (11264K), 11 survivors (11264K)
 Metaspace       used 91394K, committed 93440K, reserved 1179648K
  class space    used 12060K, committed 13056K, reserved 1048576K
}
Event: 7.593 GC heap before
{Heap before GC invocations=27 (full 0):
 garbage-first heap   total 186368K, used 166528K [0x0000000080000000, 0x0000000100000000)
  region size 1024K, 86 young (88064K), 11 survivors (11264K)
 Metaspace       used 96249K, committed 98304K, reserved 1179648K
  class space    used 12734K, committed 13760K, reserved 1048576K
}
Event: 7.599 GC heap after
{Heap after GC invocations=28 (full 0):
 garbage-first heap   total 188416K, used 96359K [0x0000000080000000, 0x0000000100000000)
  region size 1024K, 7 young (7168K), 7 survivors (7168K)
 Metaspace       used 96249K, committed 98304K, reserved 1179648K
  class space    used 12734K, committed 13760K, reserved 1048576K
}
Event: 7.975 GC heap before
{Heap before GC invocations=28 (full 0):
 garbage-first heap   total 188416K, used 157799K [0x0000000080000000, 0x0000000100000000)
  region size 1024K, 68 young (69632K), 7 survivors (7168K)
 Metaspace       used 99888K, committed 101952K, reserved 1179648K
  class space    used 13218K, committed 14272K, reserved 1048576K
}
Event: 7.978 GC heap after
{Heap after GC invocations=29 (full 0):
 garbage-first heap   total 188416K, used 98999K [0x0000000080000000, 0x0000000100000000)
  region size 1024K, 5 young (5120K), 5 survivors (5120K)
 Metaspace       used 99888K, committed 101952K, reserved 1179648K
  class space    used 13218K, committed 14272K, reserved 1048576K
}
Event: 8.553 GC heap before
{Heap before GC invocations=30 (full 0):
 garbage-first heap   total 188416K, used 171703K [0x0000000080000000, 0x0000000100000000)
  region size 1024K, 75 young (76800K), 5 survivors (5120K)
 Metaspace       used 105528K, committed 107712K, reserved 1179648K
  class space    used 14160K, committed 15232K, reserved 1048576K
}
Event: 8.556 GC heap after
{Heap after GC invocations=31 (full 0):
 garbage-first heap   total 188416K, used 101289K [0x0000000080000000, 0x0000000100000000)
  region size 1024K, 7 young (7168K), 7 survivors (7168K)
 Metaspace       used 105528K, committed 107712K, reserved 1179648K
  class space    used 14160K, committed 15232K, reserved 1048576K
}
Event: 9.160 GC heap before
{Heap before GC invocations=31 (full 0):
 garbage-first heap   total 188416K, used 169897K [0x0000000080000000, 0x0000000100000000)
  region size 1024K, 74 young (75776K), 7 survivors (7168K)
 Metaspace       used 110530K, committed 112832K, reserved 1179648K
  class space    used 14867K, committed 16000K, reserved 1048576K
}
Event: 9.164 GC heap after
{Heap after GC invocations=32 (full 0):
 garbage-first heap   total 188416K, used 103353K [0x0000000080000000, 0x0000000100000000)
  region size 1024K, 7 young (7168K), 7 survivors (7168K)
 Metaspace       used 110530K, committed 112832K, reserved 1179648K
  class space    used 14867K, committed 16000K, reserved 1048576K
}
Event: 9.640 GC heap before
{Heap before GC invocations=32 (full 0):
 garbage-first heap   total 188416K, used 169913K [0x0000000080000000, 0x0000000100000000)
  region size 1024K, 72 young (73728K), 7 survivors (7168K)
 Metaspace       used 116158K, committed 118400K, reserved 1179648K
  class space    used 15634K, committed 16768K, reserved 1048576K
}
Event: 9.645 GC heap after
{Heap after GC invocations=33 (full 0):
 garbage-first heap   total 188416K, used 107408K [0x0000000080000000, 0x0000000100000000)
  region size 1024K, 8 young (8192K), 8 survivors (8192K)
 Metaspace       used 116158K, committed 118400K, reserved 1179648K
  class space    used 15634K, committed 16768K, reserved 1048576K
}
Event: 9.957 GC heap before
{Heap before GC invocations=34 (full 0):
 garbage-first heap   total 188416K, used 168848K [0x0000000080000000, 0x0000000100000000)
  region size 1024K, 68 young (69632K), 8 survivors (8192K)
 Metaspace       used 116894K, committed 119168K, reserved 1179648K
  class space    used 15737K, committed 16896K, reserved 1048576K
}
Event: 9.962 GC heap after
{Heap after GC invocations=35 (full 0):
 garbage-first heap   total 188416K, used 116644K [0x0000000080000000, 0x0000000100000000)
  region size 1024K, 9 young (9216K), 9 survivors (9216K)
 Metaspace       used 116894K, committed 119168K, reserved 1179648K
  class space    used 15737K, committed 16896K, reserved 1048576K
}
Event: 10.391 GC heap before
{Heap before GC invocations=35 (full 0):
 garbage-first heap   total 188416K, used 172964K [0x0000000080000000, 0x0000000100000000)
  region size 1024K, 60 young (61440K), 9 survivors (9216K)
 Metaspace       used 121290K, committed 123648K, reserved 1179648K
  class space    used 16173K, committed 17344K, reserved 1048576K
}
Event: 10.398 GC heap after
{Heap after GC invocations=36 (full 0):
 garbage-first heap   total 194560K, used 124282K [0x0000000080000000, 0x0000000100000000)
  region size 1024K, 8 young (8192K), 8 survivors (8192K)
 Metaspace       used 121290K, committed 123648K, reserved 1179648K
  class space    used 16173K, committed 17344K, reserved 1048576K
}
Event: 10.477 GC heap before
{Heap before GC invocations=36 (full 0):
 garbage-first heap   total 194560K, used 175482K [0x0000000080000000, 0x0000000100000000)
  region size 1024K, 58 young (59392K), 8 survivors (8192K)
 Metaspace       used 121352K, committed 123648K, reserved 1179648K
  class space    used 16179K, committed 17344K, reserved 1048576K
}

