# JRE version: OpenJDK Runtime Environment (21.0.6) (build 21.0.6+-13391695-b895.109)
# Java VM: OpenJDK 64-Bit Server VM (21.0.6+-13391695-b895.109, mixed mode, tiered, compressed oops, compressed class ptrs, g1 gc, windows-amd64)
GC Precious Log:
 CardTable entry size: 512
 Card Set container configuration: InlinePtr #cards 5 size 8 Array Of Cards #cards 12 size 40 Howl #buckets 4 coarsen threshold 1843 Howl Bitmap #cards 512 size 80 coarsen threshold 460 Card regions per heap region 1 cards per card region 2048
 CPUs: 16 total, 16 available
 Memory: 16110M
 Large Page Support: Disabled
 NUMA Support: Disabled
 Compressed Oops: Enabled (32-bit)
 Heap Region Size: 1M
 Heap Min Capacity: 8M
 Heap Initial Capacity: 252M
 Heap Max Capacity: 2G
 Pre-touch: Disabled
 Parallel Workers: 13
 Concurrent Workers: 3
 Concurrent Refinement Workers: 13
 Periodic GC: Disabled
Heap:
 garbage-first heap   total 113664K, used 83137K [0x0000000080000000, 0x0000000100000000)
  region size 1024K, 42 young (43008K), 3 survivors (3072K)
 Metaspace       used 68715K, committed 70528K, reserved 1114112K
  class space    used 9335K, committed 10240K, reserved 1048576K
GC Heap History (20 events):
Event: 1.678 GC heap before
{Heap before GC invocations=3 (full 0):
 garbage-first heap   total 258048K, used 30185K [0x0000000080000000, 0x0000000100000000)
  region size 1024K, 21 young (21504K), 9 survivors (9216K)
 Metaspace       used 21125K, committed 21504K, reserved 1114112K
  class space    used 2415K, committed 2560K, reserved 1048576K
}
Event: 1.681 GC heap after
{Heap after GC invocations=4 (full 0):
 garbage-first heap   total 258048K, used 20345K [0x0000000080000000, 0x0000000100000000)
  region size 1024K, 11 young (11264K), 11 survivors (11264K)
 Metaspace       used 21125K, committed 21504K, reserved 1114112K
  class space    used 2415K, committed 2560K, reserved 1048576K
}
Event: 2.195 GC heap before
{Heap before GC invocations=5 (full 0):
 garbage-first heap   total 71680K, used 69497K [0x0000000080000000, 0x0000000100000000)
  region size 1024K, 60 young (61440K), 11 survivors (11264K)
 Metaspace       used 29187K, committed 29760K, reserved 1114112K
  class space    used 3689K, committed 3968K, reserved 1048576K
}
Event: 2.199 GC heap after
{Heap after GC invocations=6 (full 0):
 garbage-first heap   total 84992K, used 22832K [0x0000000080000000, 0x0000000100000000)
  region size 1024K, 9 young (9216K), 9 survivors (9216K)
 Metaspace       used 29187K, committed 29760K, reserved 1114112K
  class space    used 3689K, committed 3968K, reserved 1048576K
}
Event: 2.572 GC heap before
{Heap before GC invocations=6 (full 0):
 garbage-first heap   total 84992K, used 63792K [0x0000000080000000, 0x0000000100000000)
  region size 1024K, 49 young (50176K), 9 survivors (9216K)
 Metaspace       used 34392K, committed 35264K, reserved 1114112K
  class space    used 4569K, committed 4992K, reserved 1048576K
}
Event: 2.575 GC heap after
{Heap after GC invocations=7 (full 0):
 garbage-first heap   total 84992K, used 25360K [0x0000000080000000, 0x0000000100000000)
  region size 1024K, 7 young (7168K), 7 survivors (7168K)
 Metaspace       used 34392K, committed 35264K, reserved 1114112K
  class space    used 4569K, committed 4992K, reserved 1048576K
}
Event: 2.622 GC heap before
{Heap before GC invocations=7 (full 0):
 garbage-first heap   total 84992K, used 30480K [0x0000000080000000, 0x0000000100000000)
  region size 1024K, 13 young (13312K), 7 survivors (7168K)
 Metaspace       used 35132K, committed 35968K, reserved 1114112K
  class space    used 4661K, committed 5056K, reserved 1048576K
}
Event: 2.625 GC heap after
{Heap after GC invocations=8 (full 0):
 garbage-first heap   total 84992K, used 25997K [0x0000000080000000, 0x0000000100000000)
  region size 1024K, 4 young (4096K), 4 survivors (4096K)
 Metaspace       used 35132K, committed 35968K, reserved 1114112K
  class space    used 4661K, committed 5056K, reserved 1048576K
}
Event: 3.091 GC heap before
{Heap before GC invocations=9 (full 0):
 garbage-first heap   total 84992K, used 71053K [0x0000000080000000, 0x0000000100000000)
  region size 1024K, 49 young (50176K), 4 survivors (4096K)
 Metaspace       used 43719K, committed 44608K, reserved 1114112K
  class space    used 5725K, committed 6144K, reserved 1048576K
}
Event: 3.094 GC heap after
{Heap after GC invocations=10 (full 0):
 garbage-first heap   total 84992K, used 30476K [0x0000000080000000, 0x0000000100000000)
  region size 1024K, 7 young (7168K), 7 survivors (7168K)
 Metaspace       used 43719K, committed 44608K, reserved 1114112K
  class space    used 5725K, committed 6144K, reserved 1048576K
}
Event: 3.364 GC heap before
{Heap before GC invocations=10 (full 0):
 garbage-first heap   total 84992K, used 77580K [0x0000000080000000, 0x0000000100000000)
  region size 1024K, 48 young (49152K), 7 survivors (7168K)
 Metaspace       used 47356K, committed 48448K, reserved 1114112K
  class space    used 6151K, committed 6656K, reserved 1048576K
}
Event: 3.370 GC heap after
{Heap after GC invocations=11 (full 0):
 garbage-first heap   total 90112K, used 33855K [0x0000000080000000, 0x0000000100000000)
  region size 1024K, 4 young (4096K), 4 survivors (4096K)
 Metaspace       used 47356K, committed 48448K, reserved 1114112K
  class space    used 6151K, committed 6656K, reserved 1048576K
}
Event: 3.671 GC heap before
{Heap before GC invocations=11 (full 0):
 garbage-first heap   total 90112K, used 76863K [0x0000000080000000, 0x0000000100000000)
  region size 1024K, 46 young (47104K), 4 survivors (4096K)
 Metaspace       used 52599K, committed 54080K, reserved 1114112K
  class space    used 7016K, committed 7744K, reserved 1048576K
}
Event: 3.674 GC heap after
{Heap after GC invocations=12 (full 0):
 garbage-first heap   total 90112K, used 36361K [0x0000000080000000, 0x0000000100000000)
  region size 1024K, 3 young (3072K), 3 survivors (3072K)
 Metaspace       used 52599K, committed 54080K, reserved 1114112K
  class space    used 7016K, committed 7744K, reserved 1048576K
}
Event: 4.110 GC heap before
{Heap before GC invocations=12 (full 0):
 garbage-first heap   total 90112K, used 79369K [0x0000000080000000, 0x0000000100000000)
  region size 1024K, 44 young (45056K), 3 survivors (3072K)
 Metaspace       used 57457K, committed 58944K, reserved 1114112K
  class space    used 7651K, committed 8384K, reserved 1048576K
}
Event: 4.114 GC heap after
{Heap after GC invocations=13 (full 0):
 garbage-first heap   total 90112K, used 41375K [0x0000000080000000, 0x0000000100000000)
  region size 1024K, 6 young (6144K), 6 survivors (6144K)
 Metaspace       used 57457K, committed 58944K, reserved 1114112K
  class space    used 7651K, committed 8384K, reserved 1048576K
}
Event: 4.255 GC heap before
{Heap before GC invocations=13 (full 0):
 garbage-first heap   total 90112K, used 75167K [0x0000000080000000, 0x0000000100000000)
  region size 1024K, 40 young (40960K), 6 survivors (6144K)
 Metaspace       used 58538K, committed 60160K, reserved 1114112K
  class space    used 7831K, committed 8640K, reserved 1048576K
}
Event: 4.259 GC heap after
{Heap after GC invocations=14 (full 0):
 garbage-first heap   total 90112K, used 42828K [0x0000000080000000, 0x0000000100000000)
  region size 1024K, 2 young (2048K), 2 survivors (2048K)
 Metaspace       used 58538K, committed 60160K, reserved 1114112K
  class space    used 7831K, committed 8640K, reserved 1048576K
}
Event: 4.599 GC heap before
{Heap before GC invocations=15 (full 0):
 garbage-first heap   total 90112K, used 78668K [0x0000000080000000, 0x0000000100000000)
  region size 1024K, 37 young (37888K), 2 survivors (2048K)
 Metaspace       used 63557K, committed 65152K, reserved 1114112K
  class space    used 8522K, committed 9280K, reserved 1048576K
}
Event: 4.601 GC heap after
{Heap after GC invocations=16 (full 0):
 garbage-first heap   total 113664K, used 44225K [0x0000000080000000, 0x0000000100000000)
  region size 1024K, 3 young (3072K), 3 survivors (3072K)
 Metaspace       used 63557K, committed 65152K, reserved 1114112K
  class space    used 8522K, committed 9280K, reserved 1048576K
}

