# JRE version: OpenJDK Runtime Environment (21.0.6) (build 21.0.6+-13391695-b895.109)
# Java VM: OpenJDK 64-Bit Server VM (21.0.6+-13391695-b895.109, mixed mode, tiered, compressed oops, compressed class ptrs, g1 gc, windows-amd64)
GC Precious Log:
 CardTable entry size: 512
 Card Set container configuration: InlinePtr #cards 5 size 8 Array Of Cards #cards 12 size 40 Howl #buckets 4 coarsen threshold 1843 Howl Bitmap #cards 512 size 80 coarsen threshold 460 Card regions per heap region 1 cards per card region 2048
 CPUs: 16 total, 16 available
 Memory: 16110M
 Large Page Support: Disabled
 NUMA Support: Disabled
 Compressed Oops: Enabled (32-bit)
 Heap Region Size: 1M
 Heap Min Capacity: 8M
 Heap Initial Capacity: 252M
 Heap Max Capacity: 2G
 Pre-touch: Disabled
 Parallel Workers: 13
 Concurrent Workers: 3
 Concurrent Refinement Workers: 13
 Periodic GC: Disabled
Heap:
 garbage-first heap   total 153600K, used 121926K [0x0000000080000000, 0x0000000100000000)
  region size 1024K, 34 young (34816K), 3 survivors (3072K)
 Metaspace       used 95041K, committed 97088K, reserved 1179648K
  class space    used 12549K, committed 13568K, reserved 1048576K
GC Heap History (20 events):
Event: 4.793 GC heap before
{Heap before GC invocations=17 (full 0):
 garbage-first heap   total 103424K, used 88870K [0x0000000080000000, 0x0000000100000000)
  region size 1024K, 47 young (48128K), 6 survivors (6144K)
 Metaspace       used 71935K, committed 73728K, reserved 1114112K
  class space    used 9721K, committed 10624K, reserved 1048576K
}
Event: 4.796 GC heap after
{Heap after GC invocations=18 (full 0):
 garbage-first heap   total 103424K, used 52508K [0x0000000080000000, 0x0000000100000000)
  region size 1024K, 6 young (6144K), 6 survivors (6144K)
 Metaspace       used 71935K, committed 73728K, reserved 1114112K
  class space    used 9721K, committed 10624K, reserved 1048576K
}
Event: 4.875 GC heap before
{Heap before GC invocations=18 (full 0):
 garbage-first heap   total 103424K, used 89372K [0x0000000080000000, 0x0000000100000000)
  region size 1024K, 43 young (44032K), 6 survivors (6144K)
 Metaspace       used 72231K, committed 74048K, reserved 1114112K
  class space    used 9721K, committed 10624K, reserved 1048576K
}
Event: 4.878 GC heap after
{Heap after GC invocations=19 (full 0):
 garbage-first heap   total 103424K, used 54537K [0x0000000080000000, 0x0000000100000000)
  region size 1024K, 4 young (4096K), 4 survivors (4096K)
 Metaspace       used 72231K, committed 74048K, reserved 1114112K
  class space    used 9721K, committed 10624K, reserved 1048576K
}
Event: 4.932 GC heap before
{Heap before GC invocations=20 (full 0):
 garbage-first heap   total 103424K, used 91401K [0x0000000080000000, 0x0000000100000000)
  region size 1024K, 41 young (41984K), 4 survivors (4096K)
 Metaspace       used 72267K, committed 74112K, reserved 1114112K
  class space    used 9721K, committed 10624K, reserved 1048576K
}
Event: 4.933 GC heap after
{Heap after GC invocations=21 (full 0):
 garbage-first heap   total 103424K, used 55211K [0x0000000080000000, 0x0000000100000000)
  region size 1024K, 4 young (4096K), 4 survivors (4096K)
 Metaspace       used 72267K, committed 74112K, reserved 1114112K
  class space    used 9721K, committed 10624K, reserved 1048576K
}
Event: 4.971 GC heap before
{Heap before GC invocations=21 (full 0):
 garbage-first heap   total 103424K, used 92075K [0x0000000080000000, 0x0000000100000000)
  region size 1024K, 41 young (41984K), 4 survivors (4096K)
 Metaspace       used 72267K, committed 74112K, reserved 1114112K
  class space    used 9721K, committed 10624K, reserved 1048576K
}
Event: 4.973 GC heap after
{Heap after GC invocations=22 (full 0):
 garbage-first heap   total 103424K, used 54350K [0x0000000080000000, 0x0000000100000000)
  region size 1024K, 4 young (4096K), 4 survivors (4096K)
 Metaspace       used 72267K, committed 74112K, reserved 1114112K
  class space    used 9721K, committed 10624K, reserved 1048576K
}
Event: 5.048 GC heap before
{Heap before GC invocations=22 (full 0):
 garbage-first heap   total 103424K, used 91214K [0x0000000080000000, 0x0000000100000000)
  region size 1024K, 41 young (41984K), 4 survivors (4096K)
 Metaspace       used 72536K, committed 74304K, reserved 1114112K
  class space    used 9756K, committed 10624K, reserved 1048576K
}
Event: 5.050 GC heap after
{Heap after GC invocations=23 (full 0):
 garbage-first heap   total 142336K, used 56760K [0x0000000080000000, 0x0000000100000000)
  region size 1024K, 6 young (6144K), 6 survivors (6144K)
 Metaspace       used 72536K, committed 74304K, reserved 1114112K
  class space    used 9756K, committed 10624K, reserved 1048576K
}
Event: 5.678 GC heap before
{Heap before GC invocations=24 (full 0):
 garbage-first heap   total 142336K, used 137656K [0x0000000080000000, 0x0000000100000000)
  region size 1024K, 72 young (73728K), 6 survivors (6144K)
 Metaspace       used 77312K, committed 79168K, reserved 1179648K
  class space    used 10278K, committed 11200K, reserved 1048576K
}
Event: 5.682 GC heap after
{Heap after GC invocations=25 (full 0):
 garbage-first heap   total 153600K, used 78100K [0x0000000080000000, 0x0000000100000000)
  region size 1024K, 9 young (9216K), 9 survivors (9216K)
 Metaspace       used 77312K, committed 79168K, reserved 1179648K
  class space    used 10278K, committed 11200K, reserved 1048576K
}
Event: 6.119 GC heap before
{Heap before GC invocations=25 (full 0):
 garbage-first heap   total 153600K, used 135444K [0x0000000080000000, 0x0000000100000000)
  region size 1024K, 65 young (66560K), 9 survivors (9216K)
 Metaspace       used 83922K, committed 85888K, reserved 1179648K
  class space    used 11105K, committed 12096K, reserved 1048576K
}
Event: 6.124 GC heap after
{Heap after GC invocations=26 (full 0):
 garbage-first heap   total 153600K, used 80951K [0x0000000080000000, 0x0000000100000000)
  region size 1024K, 4 young (4096K), 4 survivors (4096K)
 Metaspace       used 83922K, committed 85888K, reserved 1179648K
  class space    used 11105K, committed 12096K, reserved 1048576K
}
Event: 6.168 GC heap before
{Heap before GC invocations=26 (full 0):
 garbage-first heap   total 153600K, used 82999K [0x0000000080000000, 0x0000000100000000)
  region size 1024K, 7 young (7168K), 4 survivors (4096K)
 Metaspace       used 84347K, committed 86336K, reserved 1179648K
  class space    used 11156K, committed 12160K, reserved 1048576K
}
Event: 6.170 GC heap after
{Heap after GC invocations=27 (full 0):
 garbage-first heap   total 153600K, used 80700K [0x0000000080000000, 0x0000000100000000)
  region size 1024K, 4 young (4096K), 4 survivors (4096K)
 Metaspace       used 84347K, committed 86336K, reserved 1179648K
  class space    used 11156K, committed 12160K, reserved 1048576K
}
Event: 6.473 GC heap before
{Heap before GC invocations=28 (full 0):
 garbage-first heap   total 153600K, used 139068K [0x0000000080000000, 0x0000000100000000)
  region size 1024K, 56 young (57344K), 4 survivors (4096K)
 Metaspace       used 87468K, committed 89472K, reserved 1179648K
  class space    used 11571K, committed 12544K, reserved 1048576K
}
Event: 6.475 GC heap after
{Heap after GC invocations=29 (full 0):
 garbage-first heap   total 153600K, used 85799K [0x0000000080000000, 0x0000000100000000)
  region size 1024K, 7 young (7168K), 7 survivors (7168K)
 Metaspace       used 87468K, committed 89472K, reserved 1179648K
  class space    used 11571K, committed 12544K, reserved 1048576K
}
Event: 6.916 GC heap before
{Heap before GC invocations=29 (full 0):
 garbage-first heap   total 153600K, used 140071K [0x0000000080000000, 0x0000000100000000)
  region size 1024K, 57 young (58368K), 7 survivors (7168K)
 Metaspace       used 92658K, committed 94720K, reserved 1179648K
  class space    used 12237K, committed 13248K, reserved 1048576K
}
Event: 6.921 GC heap after
{Heap after GC invocations=30 (full 0):
 garbage-first heap   total 153600K, used 91206K [0x0000000080000000, 0x0000000100000000)
  region size 1024K, 3 young (3072K), 3 survivors (3072K)
 Metaspace       used 92658K, committed 94720K, reserved 1179648K
  class space    used 12237K, committed 13248K, reserved 1048576K
}

