# JRE version: OpenJDK Runtime Environment (21.0.6) (build 21.0.6+-13391695-b895.109)
# Java VM: OpenJDK 64-Bit Server VM (21.0.6+-13391695-b895.109, mixed mode, tiered, compressed oops, compressed class ptrs, g1 gc, windows-amd64)
GC Precious Log:
 CardTable entry size: 512
 Card Set container configuration: InlinePtr #cards 5 size 8 Array Of Cards #cards 12 size 40 Howl #buckets 4 coarsen threshold 1843 Howl Bitmap #cards 512 size 80 coarsen threshold 460 Card regions per heap region 1 cards per card region 2048
 CPUs: 16 total, 16 available
 Memory: 16110M
 Large Page Support: Disabled
 NUMA Support: Disabled
 Compressed Oops: Enabled (32-bit)
 Heap Region Size: 1M
 Heap Min Capacity: 8M
 Heap Initial Capacity: 252M
 Heap Max Capacity: 2G
 Pre-touch: Disabled
 Parallel Workers: 13
 Concurrent Workers: 3
 Concurrent Refinement Workers: 13
 Periodic GC: Disabled
Heap:
 garbage-first heap   total 264192K, used 167014K [0x0000000080000000, 0x0000000100000000)
  region size 1024K, 12 young (12288K), 7 survivors (7168K)
 Metaspace       used 136051K, committed 138432K, reserved 1179648K
  class space    used 17999K, committed 19200K, reserved 1048576K
GC Heap History (20 events):
Event: 10.398 GC heap before
{Heap before GC invocations=33 (full 0):
 garbage-first heap   total 217088K, used 110563K [0x0000000080000000, 0x0000000100000000)
  region size 1024K, 22 young (22528K), 11 survivors (11264K)
 Metaspace       used 105366K, committed 107520K, reserved 1179648K
  class space    used 13922K, committed 14976K, reserved 1048576K
}
Event: 10.403 GC heap after
{Heap after GC invocations=34 (full 0):
 garbage-first heap   total 217088K, used 101495K [0x0000000080000000, 0x0000000100000000)
  region size 1024K, 7 young (7168K), 7 survivors (7168K)
 Metaspace       used 105366K, committed 107520K, reserved 1179648K
  class space    used 13922K, committed 14976K, reserved 1048576K
}
Event: 11.059 GC heap before
{Heap before GC invocations=35 (full 0):
 garbage-first heap   total 217088K, used 184439K [0x0000000080000000, 0x0000000100000000)
  region size 1024K, 87 young (89088K), 7 survivors (7168K)
 Metaspace       used 111626K, committed 113856K, reserved 1179648K
  class space    used 14956K, committed 16064K, reserved 1048576K
}
Event: 11.063 GC heap after
{Heap after GC invocations=36 (full 0):
 garbage-first heap   total 217088K, used 103790K [0x0000000080000000, 0x0000000100000000)
  region size 1024K, 4 young (4096K), 4 survivors (4096K)
 Metaspace       used 111626K, committed 113856K, reserved 1179648K
  class space    used 14956K, committed 16064K, reserved 1048576K
}
Event: 11.691 GC heap before
{Heap before GC invocations=36 (full 0):
 garbage-first heap   total 217088K, used 189806K [0x0000000080000000, 0x0000000100000000)
  region size 1024K, 88 young (90112K), 4 survivors (4096K)
 Metaspace       used 118260K, committed 120512K, reserved 1179648K
  class space    used 15932K, committed 17024K, reserved 1048576K
}
Event: 11.695 GC heap after
{Heap after GC invocations=37 (full 0):
 garbage-first heap   total 217088K, used 107445K [0x0000000080000000, 0x0000000100000000)
  region size 1024K, 8 young (8192K), 8 survivors (8192K)
 Metaspace       used 118260K, committed 120512K, reserved 1179648K
  class space    used 15932K, committed 17024K, reserved 1048576K
}
Event: 12.241 GC heap before
{Heap before GC invocations=37 (full 0):
 garbage-first heap   total 217088K, used 192437K [0x0000000080000000, 0x0000000100000000)
  region size 1024K, 91 young (93184K), 8 survivors (8192K)
 Metaspace       used 122376K, committed 124736K, reserved 1179648K
  class space    used 16438K, committed 17600K, reserved 1048576K
}
Event: 12.247 GC heap after
{Heap after GC invocations=38 (full 0):
 garbage-first heap   total 217088K, used 115675K [0x0000000080000000, 0x0000000100000000)
  region size 1024K, 12 young (12288K), 12 survivors (12288K)
 Metaspace       used 122376K, committed 124736K, reserved 1179648K
  class space    used 16438K, committed 17600K, reserved 1048576K
}
Event: 12.937 GC heap before
{Heap before GC invocations=39 (full 0):
 garbage-first heap   total 217088K, used 196571K [0x0000000080000000, 0x0000000100000000)
  region size 1024K, 87 young (89088K), 12 survivors (12288K)
 Metaspace       used 126817K, committed 129152K, reserved 1179648K
  class space    used 16885K, committed 18048K, reserved 1048576K
}
Event: 12.946 GC heap after
{Heap after GC invocations=40 (full 0):
 garbage-first heap   total 223232K, used 128554K [0x0000000080000000, 0x0000000100000000)
  region size 1024K, 11 young (11264K), 11 survivors (11264K)
 Metaspace       used 126817K, committed 129152K, reserved 1179648K
  class space    used 16885K, committed 18048K, reserved 1048576K
}
Event: 13.140 GC heap before
{Heap before GC invocations=40 (full 0):
 garbage-first heap   total 223232K, used 196138K [0x0000000080000000, 0x0000000100000000)
  region size 1024K, 78 young (79872K), 11 survivors (11264K)
 Metaspace       used 127467K, committed 129792K, reserved 1179648K
  class space    used 17030K, committed 18176K, reserved 1048576K
}
Event: 13.145 GC heap after
{Heap after GC invocations=41 (full 0):
 garbage-first heap   total 223232K, used 132375K [0x0000000080000000, 0x0000000100000000)
  region size 1024K, 6 young (6144K), 6 survivors (6144K)
 Metaspace       used 127467K, committed 129792K, reserved 1179648K
  class space    used 17030K, committed 18176K, reserved 1048576K
}
Event: 13.175 GC heap before
{Heap before GC invocations=41 (full 0):
 garbage-first heap   total 223232K, used 136471K [0x0000000080000000, 0x0000000100000000)
  region size 1024K, 11 young (11264K), 6 survivors (6144K)
 Metaspace       used 127763K, committed 130112K, reserved 1179648K
  class space    used 17069K, committed 18240K, reserved 1048576K
}
Event: 13.177 GC heap after
{Heap after GC invocations=42 (full 0):
 garbage-first heap   total 223232K, used 131514K [0x0000000080000000, 0x0000000100000000)
  region size 1024K, 5 young (5120K), 5 survivors (5120K)
 Metaspace       used 127763K, committed 130112K, reserved 1179648K
  class space    used 17069K, committed 18240K, reserved 1048576K
}
Event: 13.913 GC heap before
{Heap before GC invocations=43 (full 0):
 garbage-first heap   total 224256K, used 197050K [0x0000000080000000, 0x0000000100000000)
  region size 1024K, 68 young (69632K), 5 survivors (5120K)
 Metaspace       used 132246K, committed 134592K, reserved 1179648K
  class space    used 17560K, committed 18752K, reserved 1048576K
}
Event: 13.920 GC heap after
{Heap after GC invocations=44 (full 0):
 garbage-first heap   total 226304K, used 153763K [0x0000000080000000, 0x0000000100000000)
  region size 1024K, 9 young (9216K), 9 survivors (9216K)
 Metaspace       used 132246K, committed 134592K, reserved 1179648K
  class space    used 17560K, committed 18752K, reserved 1048576K
}
Event: 15.700 GC heap before
{Heap before GC invocations=44 (full 0):
 garbage-first heap   total 226304K, used 214179K [0x0000000080000000, 0x0000000100000000)
  region size 1024K, 54 young (55296K), 9 survivors (9216K)
 Metaspace       used 134640K, committed 137024K, reserved 1179648K
  class space    used 17823K, committed 19008K, reserved 1048576K
}
Event: 15.706 GC heap after
{Heap after GC invocations=45 (full 0):
 garbage-first heap   total 234496K, used 158923K [0x0000000080000000, 0x0000000100000000)
  region size 1024K, 7 young (7168K), 7 survivors (7168K)
 Metaspace       used 134640K, committed 137024K, reserved 1179648K
  class space    used 17823K, committed 19008K, reserved 1048576K
}
Event: 15.978 GC heap before
{Heap before GC invocations=45 (full 0):
 garbage-first heap   total 234496K, used 206027K [0x0000000080000000, 0x0000000100000000)
  region size 1024K, 54 young (55296K), 7 survivors (7168K)
 Metaspace       used 135850K, committed 138240K, reserved 1179648K
  class space    used 17969K, committed 19136K, reserved 1048576K
}
Event: 15.982 GC heap after
{Heap after GC invocations=46 (full 0):
 garbage-first heap   total 234496K, used 162918K [0x0000000080000000, 0x0000000100000000)
  region size 1024K, 7 young (7168K), 7 survivors (7168K)
 Metaspace       used 135850K, committed 138240K, reserved 1179648K
  class space    used 17969K, committed 19136K, reserved 1048576K
}

